Start testing: Apr 16 17:00 Europe de líOuest (heure díÈtÈ)
----------------------------------------------------------
1/1 Testing: CheckStructureTest
1/1 Test: CheckStructureTest
Command: "C:/Users/gnsakawakatamba/Documents/Perso/ecole/Rubik-s-cube-resolver/build/check_structure_test.exe"
Directory: C:/Users/gnsakawakatamba/Documents/Perso/ecole/Rubik-s-cube-resolver/build
"CheckStructureTest" start time: Apr 16 17:00 Europe de líOuest (heure díÈtÈ)
Output:
----------------------------------------------------------
Running main() from C:\Users\gnsakawakatamba\Documents\Perso\ecole\Rubik-s-cube-resolver\googletest-1.16.0\googletest\src\gtest_main.cc
[==========] Running 6 tests from 1 test suite.
[----------] Global test environment set-up.
[----------] 6 tests from CheckStructureTest
[ RUN      ] CheckStructureTest.ReadKociembaLines
C:\Users\gnsakawakatamba\Documents\Perso\ecole\Rubik-s-cube-resolver\src\test\check_structure_test.cpp:21: Failure
Expected equality of these values:
  lines.size()
    Which is: 0
  expectedLines.size()
    Which is: 6

[  FAILED  ] CheckStructureTest.ReadKociembaLines (7 ms)
[ RUN      ] CheckStructureTest.ValidateLines
[       OK ] CheckStructureTest.ValidateLines (0 ms)
[ RUN      ] CheckStructureTest.FindMissingColors
C:\Users\gnsakawakatamba\Documents\Perso\ecole\Rubik-s-cube-resolver\src\test\check_structure_test.cpp:60: Failure
Expected equality of these values:
  missingColors.size()
    Which is: 6
  2

C:\Users\gnsakawakatamba\Documents\Perso\ecole\Rubik-s-cube-resolver\src\test\check_structure_test.cpp:61: Failure
Expected equality of these values:
  missingColors[0]
    Which is: 'B' (66, 0x42)
  'L'
    Which is: 'L' (76, 0x4C)

[  FAILED  ] CheckStructureTest.FindMissingColors (0 ms)
[ RUN      ] CheckStructureTest.VerifyQuestionMarks
‚ùå Nombre de '?' incorrect. Attendu : 4, trouv√© : 6.
C:\Users\gnsakawakatamba\Documents\Perso\ecole\Rubik-s-cube-resolver\src\test\check_structure_test.cpp:76: Failure
Value of: verifyQuestionMarks(lines, 4)
  Actual: false
Expected: true

‚ùå Nombre de '?' incorrect. Attendu : 5, trouv√© : 6.
[  FAILED  ] CheckStructureTest.VerifyQuestionMarks (0 ms)
[ RUN      ] CheckStructureTest.ReplaceMissingColors
C:\Users\gnsakawakatamba\Documents\Perso\ecole\Rubik-s-cube-resolver\src\test\check_structure_test.cpp:94: Failure
Expected equality of these values:
  lines[4][2]
    Which is: ':' (58, 0x3A)
  'L'
    Which is: 'L' (76, 0x4C)

[  FAILED  ] CheckStructureTest.ReplaceMissingColors (0 ms)
[ RUN      ] CheckStructureTest.SaveLines
C:\Users\gnsakawakatamba\Documents\Perso\ecole\Rubik-s-cube-resolver\src\test\check_structure_test.cpp:117: Failure
Expected equality of these values:
  line
    Which is: "\"\"U:UUUUUUUUU\"\","
  lines[lineCount - 1]
    Which is: "\"U:UUUUUUUUU\""

C:\Users\gnsakawakatamba\Documents\Perso\ecole\Rubik-s-cube-resolver\src\test\check_structure_test.cpp:117: Failure
Expected equality of these values:
  line
    Which is: "\"\"R:RRRRRRRRR\"\","
  lines[lineCount - 1]
    Which is: "\"R:RRRRRRRRR\""

C:\Users\gnsakawakatamba\Documents\Perso\ecole\Rubik-s-cube-resolver\src\test\check_structure_test.cpp:117: Failure
Expected equality of these values:
  line
    Which is: "\"\"F:FFFFFFFFF\"\","
  lines[lineCount - 1]
    Which is: "\"F:FFFFFFFFF\""

C:\Users\gnsakawakatamba\Documents\Perso\ecole\Rubik-s-cube-resolver\src\test\check_structure_test.cpp:117: Failure
Expected equality of these values:
  line
    Which is: "\"\"D:DDDDDDDDD\"\","
  lines[lineCount - 1]
    Which is: "\"D:DDDDDDDDD\""

C:\Users\gnsakawakatamba\Documents\Perso\ecole\Rubik-s-cube-resolver\src\test\check_structure_test.cpp:117: Failure
Expected equality of these values:
  line
    Which is: "\"\"L:LLLLLLLLL\"\","
  lines[lineCount - 1]
    Which is: "\"L:LLLLLLLLL\""

C:\Users\gnsakawakatamba\Documents\Perso\ecole\Rubik-s-cube-resolver\src\test\check_structure_test.cpp:117: Failure
Expected equality of these values:
  line
    Which is: "\"\"B:BBBBBBBBB\"\","
  lines[lineCount - 1]
    Which is: "\"B:BBBBBBBBB\""

[  FAILED  ] CheckStructureTest.SaveLines (10 ms)
[----------] 6 tests from CheckStructureTest (17 ms total)

[----------] Global test environment tear-down
[==========] 6 tests from 1 test suite ran. (17 ms total)
[  PASSED  ] 1 test.
[  FAILED  ] 5 tests, listed below:
[  FAILED  ] CheckStructureTest.ReadKociembaLines
[  FAILED  ] CheckStructureTest.FindMissingColors
[  FAILED  ] CheckStructureTest.VerifyQuestionMarks
[  FAILED  ] CheckStructureTest.ReplaceMissingColors
[  FAILED  ] CheckStructureTest.SaveLines

 5 FAILED TESTS
<end of output>
Test time =   0.96 sec
----------------------------------------------------------
Test Failed.
"CheckStructureTest" end time: Apr 16 17:00 Europe de líOuest (heure díÈtÈ)
"CheckStructureTest" time elapsed: 00:00:00
----------------------------------------------------------

End testing: Apr 16 17:00 Europe de líOuest (heure díÈtÈ)
