Start testing: Apr 18 19:48 Paris, Madrid (heure díÈtÈ)
----------------------------------------------------------
1/1 Testing: CheckStructureTest
1/1 Test: CheckStructureTest
Command: "C:/Users/HP/Documents/cours_inge_3D/Rubik-s-cube-resolver/build/check_structure_test.exe"
Directory: C:/Users/HP/Documents/cours_inge_3D/Rubik-s-cube-resolver/build
"CheckStructureTest" start time: Apr 18 19:48 Paris, Madrid (heure díÈtÈ)
Output:
----------------------------------------------------------
Running main() from C:\Users\HP\Documents\cours_inge_3D\Rubik-s-cube-resolver\googletest-1.16.0\googletest\src\gtest_main.cc
[==========] Running 6 tests from 1 test suite.
[----------] Global test environment set-up.
[----------] 6 tests from CheckStructureTest
[ RUN      ] CheckStructureTest.ReadKociembaLines
C:\Users\HP\Documents\cours_inge_3D\Rubik-s-cube-resolver\src\test\check_structure_test.cpp:21: Failure
Expected equality of these values:
  lines.size()
    Which is: 0
  expectedLines.size()
    Which is: 6

[  FAILED  ] CheckStructureTest.ReadKociembaLines (0 ms)
[ RUN      ] CheckStructureTest.ValidateLines
[       OK ] CheckStructureTest.ValidateLines (0 ms)
[ RUN      ] CheckStructureTest.FindMissingColors
C:\Users\HP\Documents\cours_inge_3D\Rubik-s-cube-resolver\src\test\check_structure_test.cpp:60: Failure
Expected equality of these values:
  missingColors.size()
    Which is: 6
  2

C:\Users\HP\Documents\cours_inge_3D\Rubik-s-cube-resolver\src\test\check_structure_test.cpp:61: Failure
Expected equality of these values:
  missingColors[0]
    Which is: 'B' (66, 0x42)
  'L'
    Which is: 'L' (76, 0x4C)

[  FAILED  ] CheckStructureTest.FindMissingColors (0 ms)
[ RUN      ] CheckStructureTest.VerifyQuestionMarks
‚ùå Nombre de '?' incorrect. Attendu : 4, trouv√© : 6.
C:\Users\HP\Documents\cours_inge_3D\Rubik-s-cube-resolver\src\test\check_structure_test.cpp:76: Failure
Value of: verifyQuestionMarks(lines, 4)
  Actual: false
Expected: true

‚ùå Nombre de '?' incorrect. Attendu : 5, trouv√© : 6.
[  FAILED  ] CheckStructureTest.VerifyQuestionMarks (0 ms)
[ RUN      ] CheckStructureTest.ReplaceMissingColors
C:\Users\HP\Documents\cours_inge_3D\Rubik-s-cube-resolver\src\test\check_structure_test.cpp:94: Failure
Expected equality of these values:
  lines[4][2]
    Which is: ':' (58, 0x3A)
  'L'
    Which is: 'L' (76, 0x4C)

[  FAILED  ] CheckStructureTest.ReplaceMissingColors (0 ms)
[ RUN      ] CheckStructureTest.SaveLines
[       OK ] CheckStructureTest.SaveLines (1 ms)
[----------] 6 tests from CheckStructureTest (1 ms total)

[----------] Global test environment tear-down
[==========] 6 tests from 1 test suite ran. (1 ms total)
[  PASSED  ] 2 tests.
[  FAILED  ] 4 tests, listed below:
[  FAILED  ] CheckStructureTest.ReadKociembaLines
[  FAILED  ] CheckStructureTest.FindMissingColors
[  FAILED  ] CheckStructureTest.VerifyQuestionMarks
[  FAILED  ] CheckStructureTest.ReplaceMissingColors

 4 FAILED TESTS
<end of output>
Test time =   0.01 sec
----------------------------------------------------------
Test Failed.
"CheckStructureTest" end time: Apr 18 19:48 Paris, Madrid (heure díÈtÈ)
"CheckStructureTest" time elapsed: 00:00:00
----------------------------------------------------------

End testing: Apr 18 19:48 Paris, Madrid (heure díÈtÈ)
